[2019-03-05T08:42:16.173] [INFO] warning - task check nop time : 2019-03-05T01:42:16.173Z
[2019-03-05T08:44:14.657] [INFO] warning - SQL SELECT * FROM tmp_nop_v2 ORDER BY id ASC
[2019-03-05T08:44:14.674] [INFO] warning - SQL 
                SELECT 
                side,
                currency_pair_cd AS symbol,
                    SUM(filled_quantity * execution_price) as s ,
                    -(SUM(filled_quantity * execution_price) / SUM(filled_quantity)) AS avg
                FROM
                    bpex_execution_orders
                    where side  = 3
                    GROUP BY symbol
                
[2019-03-05T08:44:46.216] [INFO] warning - SQL 
                SELECT 
                side,
                currency_pair_cd AS symbol,
                    SUM(filled_quantity * execution_price) as s,
                    SUM(filled_quantity * execution_price) / SUM(filled_quantity) AS avg
                FROM
                    bpex_execution_orders
                    where side  = 1
                    GROUP BY symbol
                
[2019-03-05T08:45:19.522] [INFO] warning - SQL 
                    SELECT 
                side,
                currency_pair_cd AS symbol,
                    SUM(filled_quantity * execution_price) as s,
                    SUM(filled_quantity * execution_price) / SUM(filled_quantity) AS avg
                FROM
                    bpex_execution_orders
                    where side  = 1
                    GROUP BY symbol
                    
[2019-03-05T08:45:52.120] [INFO] warning - SQL 
                    SELECT 
                    side,
                    currency_pair_cd as symbol,
                    SUM(amount * price) as s ,
                    SUM(amount * price) / SUM(amount) as avg
                    FROM
                        bpex_covers
                        where side = 1
                    GROUP BY symbol;
                    
[2019-03-05T09:44:18.701] [INFO] warning - task check nop time : 2019-03-05T02:44:18.701Z
[2019-03-05T09:46:19.021] [INFO] warning - SQL SELECT * FROM tmp_nop_v2 ORDER BY id ASC
[2019-03-05T09:46:19.037] [INFO] warning - SQL 
                SELECT 
                side,
                currency_pair_cd AS symbol,
                    SUM(filled_quantity * execution_price) as s ,
                    -(SUM(filled_quantity * execution_price) / SUM(filled_quantity)) AS avg
                FROM
                    bpex_execution_orders
                    where side  = 3
                    GROUP BY symbol
                
[2019-03-05T09:47:29.798] [INFO] warning - SQL 
                SELECT 
                side,
                currency_pair_cd AS symbol,
                    SUM(filled_quantity * execution_price) as s,
                    SUM(filled_quantity * execution_price) / SUM(filled_quantity) AS avg
                FROM
                    bpex_execution_orders
                    where side  = 1
                    GROUP BY symbol
                
[2019-03-05T09:48:30.198] [INFO] warning - SQL 
                    SELECT 
                side,
                currency_pair_cd AS symbol,
                    SUM(filled_quantity * execution_price) as s,
                    SUM(filled_quantity * execution_price) / SUM(filled_quantity) AS avg
                FROM
                    bpex_execution_orders
                    where side  = 1
                    GROUP BY symbol
                    
[2019-03-05T09:49:02.228] [INFO] warning - SQL 
                    SELECT 
                    side,
                    currency_pair_cd as symbol,
                    SUM(amount * price) as s ,
                    SUM(amount * price) / SUM(amount) as avg
                    FROM
                        bpex_covers
                        where side = 1
                    GROUP BY symbol;
                    
[2019-03-05T09:54:26.374] [INFO] warning - task check nop time : 2019-03-05T02:54:26.374Z
[2019-03-05T09:56:19.538] [INFO] warning - SQL SELECT * FROM tmp_nop_v2 ORDER BY id ASC
[2019-03-05T09:56:19.547] [INFO] warning - SQL 
                SELECT 
                side,
                currency_pair_cd AS symbol,
                    SUM(filled_quantity * execution_price) as s ,
                    -(SUM(filled_quantity * execution_price) / SUM(filled_quantity)) AS avg
                FROM
                    bpex_execution_orders
                    where side  = 3
                    GROUP BY symbol
                
[2019-03-05T09:56:52.732] [INFO] warning - SQL 
                SELECT 
                side,
                currency_pair_cd AS symbol,
                    SUM(filled_quantity * execution_price) as s,
                    SUM(filled_quantity * execution_price) / SUM(filled_quantity) AS avg
                FROM
                    bpex_execution_orders
                    where side  = 1
                    GROUP BY symbol
                
[2019-03-05T09:57:26.294] [INFO] warning - SQL 
                    SELECT 
                    side,
                    currency_pair_cd as symbol,
                    SUM(amount * price) as s ,
                    SUM(amount * price) / SUM(amount) as avg
                    FROM
                        bpex_covers
                        where side = 3
                    GROUP BY symbol;
                    
[2019-03-05T09:57:26.305] [INFO] warning - SQL 
                    SELECT 
                    side,
                    currency_pair_cd as symbol,
                    SUM(amount * price) as s ,
                    SUM(amount * price) / SUM(amount) as avg
                    FROM
                        bpex_covers
                        where side = 1
                    GROUP BY symbol;
                    
[2019-03-05T10:33:34.540] [INFO] warning - task check nop time : 2019-03-05T03:33:34.539Z
[2019-03-05T10:35:37.623] [INFO] warning - SQL SELECT * FROM tmp_nop_v2 ORDER BY id ASC
[2019-03-05T10:35:37.633] [INFO] warning - SQL 
                SELECT 
                side,
                currency_pair_cd AS symbol,
                    SUM(filled_quantity * execution_price) as s ,
                    -(SUM(filled_quantity * execution_price) / SUM(filled_quantity)) AS avg
                FROM
                    bpex_execution_orders
                    where side  = 3
                    GROUP BY symbol
                
[2019-03-05T10:36:09.391] [INFO] warning - SQL 
                SELECT 
                side,
                currency_pair_cd AS symbol,
                    SUM(filled_quantity * execution_price) as s,
                    SUM(filled_quantity * execution_price) / SUM(filled_quantity) AS avg
                FROM
                    bpex_execution_orders
                    where side  = 1
                    GROUP BY symbol
                
[2019-03-05T10:36:41.373] [INFO] warning - SQL 
                    SELECT 
                    side,
                    currency_pair_cd as symbol,
                    SUM(amount * price) as s ,
                    SUM(amount * price) / SUM(amount) as avg
                    FROM
                        bpex_covers
                        where side = 3
                    GROUP BY symbol;
                    
[2019-03-05T10:36:41.396] [INFO] warning - SQL 
                    SELECT 
                    side,
                    currency_pair_cd as symbol,
                    SUM(amount * price) as s ,
                    SUM(amount * price) / SUM(amount) as avg
                    FROM
                        bpex_covers
                        where side = 1
                    GROUP BY symbol;
                    
[2019-03-05T10:37:59.844] [INFO] warning - task check nop time : 2019-03-05T03:37:59.844Z
[2019-03-05T10:39:56.212] [INFO] warning - SQL SELECT * FROM tmp_nop_v2 ORDER BY id ASC
[2019-03-05T10:39:56.227] [INFO] warning - SQL 
                SELECT 
                side,
                currency_pair_cd AS symbol,
                    SUM(filled_quantity * execution_price) as s ,
                    -(SUM(filled_quantity * execution_price) / SUM(filled_quantity)) AS avg
                FROM
                    bpex_execution_orders
                    where side  = 3
                    GROUP BY symbol
                
[2019-03-05T10:40:29.875] [INFO] warning - SQL 
                SELECT 
                side,
                currency_pair_cd AS symbol,
                    SUM(filled_quantity * execution_price) as s,
                    SUM(filled_quantity * execution_price) / SUM(filled_quantity) AS avg
                FROM
                    bpex_execution_orders
                    where side  = 1
                    GROUP BY symbol
                
[2019-03-05T10:41:03.815] [INFO] warning - SQL 
                    SELECT 
                    side,
                    currency_pair_cd as symbol,
                    SUM(amount * price) as s ,
                    SUM(amount * price) / SUM(amount) as avg
                    FROM
                        bpex_covers
                        where side = 3
                    GROUP BY symbol;
                    
[2019-03-05T10:41:03.820] [INFO] warning - SQL 
                    SELECT 
                    side,
                    currency_pair_cd as symbol,
                    SUM(amount * price) as s ,
                    SUM(amount * price) / SUM(amount) as avg
                    FROM
                        bpex_covers
                        where side = 1
                    GROUP BY symbol;
                    
[2019-03-05T11:10:52.043] [INFO] warning - task check nop time : 2019-03-05T04:10:52.043Z
[2019-03-05T11:12:47.173] [INFO] warning - SQL SELECT * FROM tmp_nop_v2 ORDER BY id ASC
[2019-03-05T11:12:47.195] [INFO] warning - SQL 
                SELECT 
                side,
                currency_pair_cd AS symbol,
                    SUM(filled_quantity * execution_price) as s ,
                    -(SUM(filled_quantity * execution_price) / SUM(filled_quantity)) AS avg
                FROM
                    bpex_execution_orders
                    where side  = 3
                    GROUP BY symbol
                
[2019-03-05T11:13:20.847] [INFO] warning - SQL 
                SELECT 
                side,
                currency_pair_cd AS symbol,
                    SUM(filled_quantity * execution_price) as s,
                    SUM(filled_quantity * execution_price) / SUM(filled_quantity) AS avg
                FROM
                    bpex_execution_orders
                    where side  = 1
                    GROUP BY symbol
                
[2019-03-05T11:13:54.968] [INFO] warning - SQL 
                    SELECT 
                    side,
                    currency_pair_cd as symbol,
                    SUM(amount * price) as s ,
                    SUM(amount * price) / SUM(amount) as avg
                    FROM
                        bpex_covers
                        where side = 3
                    GROUP BY symbol;
                    
[2019-03-05T11:13:54.981] [INFO] warning - SQL 
                    SELECT 
                    side,
                    currency_pair_cd as symbol,
                    SUM(amount * price) as s ,
                    SUM(amount * price) / SUM(amount) as avg
                    FROM
                        bpex_covers
                        where side = 1
                    GROUP BY symbol;
                    
[2019-03-05T11:18:04.597] [INFO] warning - task check nop time : 2019-03-05T04:18:04.597Z
[2019-03-05T11:20:00.690] [INFO] warning - SQL SELECT * FROM tmp_nop_v2 ORDER BY id ASC
[2019-03-05T11:20:00.702] [INFO] warning - SQL 
                SELECT 
                side,
                currency_pair_cd AS symbol,
                    SUM(filled_quantity * execution_price) as s ,
                    -(SUM(filled_quantity * execution_price) / SUM(filled_quantity)) AS avg
                FROM
                    bpex_execution_orders
                    where side  = 3
                    GROUP BY symbol
                
[2019-03-05T11:20:33.466] [INFO] warning - SQL 
                SELECT 
                side,
                currency_pair_cd AS symbol,
                    SUM(filled_quantity * execution_price) as s,
                    SUM(filled_quantity * execution_price) / SUM(filled_quantity) AS avg
                FROM
                    bpex_execution_orders
                    where side  = 1
                    GROUP BY symbol
                
[2019-03-05T11:21:06.290] [INFO] warning - SQL 
                    SELECT 
                    side,
                    currency_pair_cd as symbol,
                    SUM(amount * price) as s ,
                    SUM(amount * price) / SUM(amount) as avg
                    FROM
                        bpex_covers
                        where side = 3
                    GROUP BY symbol;
                    
[2019-03-05T11:21:06.308] [INFO] warning - SQL 
                    SELECT 
                    side,
                    currency_pair_cd as symbol,
                    SUM(amount * price) as s ,
                    SUM(amount * price) / SUM(amount) as avg
                    FROM
                        bpex_covers
                        where side = 1
                    GROUP BY symbol;
                    
[2019-03-05T11:56:28.849] [INFO] warning - task check nop time : 2019-03-05T04:56:28.849Z
[2019-03-05T11:58:44.908] [INFO] warning - SQL SELECT * FROM tmp_nop_v2 ORDER BY id ASC
[2019-03-05T11:58:44.923] [INFO] warning - SQL 
                SELECT 
                side,
                currency_pair_cd AS symbol,
                    SUM(filled_quantity * execution_price) as s ,
                    -(SUM(filled_quantity * execution_price) / SUM(filled_quantity)) AS avg
                FROM
                    bpex_execution_orders
                    where side  = 3
                    GROUP BY symbol
                
[2019-03-05T11:59:16.397] [INFO] warning - SQL 
                SELECT 
                side,
                currency_pair_cd AS symbol,
                    SUM(filled_quantity * execution_price) as s,
                    SUM(filled_quantity * execution_price) / SUM(filled_quantity) AS avg
                FROM
                    bpex_execution_orders
                    where side  = 1
                    GROUP BY symbol
                
[2019-03-05T11:59:48.040] [INFO] warning - SQL 
                    SELECT 
                    side,
                    currency_pair_cd as symbol,
                    SUM(amount * price) as s ,
                    SUM(amount * price) / SUM(amount) as avg
                    FROM
                        bpex_covers
                        where side = 3
                    GROUP BY symbol;
                    
[2019-03-05T11:59:48.057] [INFO] warning - SQL 
                    SELECT 
                    side,
                    currency_pair_cd as symbol,
                    SUM(amount * price) as s ,
                    SUM(amount * price) / SUM(amount) as avg
                    FROM
                        bpex_covers
                        where side = 1
                    GROUP BY symbol;
                    
[2019-03-05T13:31:10.805] [INFO] warning - task check nop time : 2019-03-05T06:31:10.804Z
[2019-03-05T13:33:07.287] [INFO] warning - SQL SELECT * FROM tmp_nop_v2 ORDER BY id ASC
[2019-03-05T13:33:07.305] [INFO] warning - SQL 
                SELECT 
                side,
                currency_pair_cd AS symbol,
                    SUM(filled_quantity * execution_price) as s ,
                    -(SUM(filled_quantity * execution_price) / SUM(filled_quantity)) AS avg
                FROM
                    bpex_execution_orders
                    where side  = 3
                    GROUP BY symbol
                
[2019-03-05T13:33:42.140] [INFO] warning - SQL 
                SELECT 
                side,
                currency_pair_cd AS symbol,
                    SUM(filled_quantity * execution_price) as s,
                    SUM(filled_quantity * execution_price) / SUM(filled_quantity) AS avg
                FROM
                    bpex_execution_orders
                    where side  = 1
                    GROUP BY symbol
                
[2019-03-05T13:34:17.931] [INFO] warning - SQL 
                    SELECT 
                    side,
                    currency_pair_cd as symbol,
                    SUM(amount * price) as s ,
                    SUM(amount * price) / SUM(amount) as avg
                    FROM
                        bpex_covers
                        where side = 3
                    GROUP BY symbol;
                    
[2019-03-05T13:34:17.944] [INFO] warning - SQL 
                    SELECT 
                    side,
                    currency_pair_cd as symbol,
                    SUM(amount * price) as s ,
                    SUM(amount * price) / SUM(amount) as avg
                    FROM
                        bpex_covers
                        where side = 1
                    GROUP BY symbol;
                    
[2019-03-05T13:36:44.302] [INFO] warning - task check nop time : 2019-03-05T06:36:44.302Z
[2019-03-05T13:38:35.761] [INFO] warning - SQL SELECT * FROM tmp_nop_v2 ORDER BY id ASC
[2019-03-05T13:38:35.768] [INFO] warning - SQL 
                SELECT 
                side,
                currency_pair_cd AS symbol,
                    SUM(filled_quantity * execution_price) as s ,
                    -(SUM(filled_quantity * execution_price) / SUM(filled_quantity)) AS avg
                FROM
                    bpex_execution_orders
                    where side  = 3
                    GROUP BY symbol
                
[2019-03-05T13:39:09.642] [INFO] warning - SQL 
                SELECT 
                side,
                currency_pair_cd AS symbol,
                    SUM(filled_quantity * execution_price) as s,
                    SUM(filled_quantity * execution_price) / SUM(filled_quantity) AS avg
                FROM
                    bpex_execution_orders
                    where side  = 1
                    GROUP BY symbol
                
[2019-03-05T13:39:41.245] [INFO] warning - SQL 
                    SELECT 
                    side,
                    currency_pair_cd as symbol,
                    SUM(amount * price) as s ,
                    SUM(amount * price) / SUM(amount) as avg
                    FROM
                        bpex_covers
                        where side = 3
                    GROUP BY symbol;
                    
[2019-03-05T13:39:41.260] [INFO] warning - SQL 
                    SELECT 
                    side,
                    currency_pair_cd as symbol,
                    SUM(amount * price) as s ,
                    SUM(amount * price) / SUM(amount) as avg
                    FROM
                        bpex_covers
                        where side = 1
                    GROUP BY symbol;
                    
[2019-03-05T13:40:39.408] [INFO] warning - task check nop time : 2019-03-05T06:40:39.407Z
[2019-03-05T13:42:33.184] [INFO] warning - SQL SELECT * FROM tmp_nop_v2 ORDER BY id ASC
[2019-03-05T13:42:33.202] [INFO] warning - SQL 
                SELECT 
                side,
                currency_pair_cd AS symbol,
                    SUM(filled_quantity * execution_price) as s ,
                    -(SUM(filled_quantity * execution_price) / SUM(filled_quantity)) AS avg
                FROM
                    bpex_execution_orders
                    where side  = 3
                    GROUP BY symbol
                
[2019-03-05T13:43:05.286] [INFO] warning - SQL 
                SELECT 
                side,
                currency_pair_cd AS symbol,
                    SUM(filled_quantity * execution_price) as s,
                    SUM(filled_quantity * execution_price) / SUM(filled_quantity) AS avg
                FROM
                    bpex_execution_orders
                    where side  = 1
                    GROUP BY symbol
                
[2019-03-05T13:43:37.727] [INFO] warning - SQL 
                    SELECT 
                    side,
                    currency_pair_cd as symbol,
                    SUM(amount * price) as s ,
                    SUM(amount * price) / SUM(amount) as avg
                    FROM
                        bpex_covers
                        where side = 3
                    GROUP BY symbol;
                    
[2019-03-05T13:43:37.736] [INFO] warning - SQL 
                    SELECT 
                    side,
                    currency_pair_cd as symbol,
                    SUM(amount * price) as s ,
                    SUM(amount * price) / SUM(amount) as avg
                    FROM
                        bpex_covers
                        where side = 1
                    GROUP BY symbol;
                    
[2019-03-05T13:51:19.752] [INFO] warning - task check nop time : 2019-03-05T06:51:19.751Z
[2019-03-05T13:53:11.524] [INFO] warning - SQL SELECT * FROM tmp_nop_v2 ORDER BY id ASC
[2019-03-05T13:53:11.544] [INFO] warning - SQL 
                SELECT 
                side,
                currency_pair_cd AS symbol,
                    SUM(filled_quantity * execution_price) as s ,
                    -(SUM(filled_quantity * execution_price) / SUM(filled_quantity)) AS avg
                FROM
                    bpex_execution_orders
                    where side  = 3
                    GROUP BY symbol
                
[2019-03-05T13:53:44.958] [INFO] warning - SQL 
                SELECT 
                side,
                currency_pair_cd AS symbol,
                    SUM(filled_quantity * execution_price) as s,
                    SUM(filled_quantity * execution_price) / SUM(filled_quantity) AS avg
                FROM
                    bpex_execution_orders
                    where side  = 1
                    GROUP BY symbol
                
[2019-03-05T13:54:18.401] [INFO] warning - SQL 
                    SELECT 
                    side,
                    currency_pair_cd as symbol,
                    SUM(amount * price) as s ,
                    SUM(amount * price) / SUM(amount) as avg
                    FROM
                        bpex_covers
                        where side = 3
                    GROUP BY symbol;
                    
[2019-03-05T13:54:18.410] [INFO] warning - SQL 
                    SELECT 
                    side,
                    currency_pair_cd as symbol,
                    SUM(amount * price) as s ,
                    SUM(amount * price) / SUM(amount) as avg
                    FROM
                        bpex_covers
                        where side = 1
                    GROUP BY symbol;
                    
[2019-03-05T14:05:36.595] [INFO] warning - task check nop time : 2019-03-05T07:05:36.594Z
[2019-03-05T14:07:27.732] [INFO] warning - SQL SELECT * FROM tmp_nop_v2 ORDER BY id ASC
[2019-03-05T14:07:27.740] [INFO] warning - SQL 
                SELECT 
                side,
                currency_pair_cd AS symbol,
                    SUM(filled_quantity * execution_price) as s ,
                    -(SUM(filled_quantity * execution_price) / SUM(filled_quantity)) AS avg
                FROM
                    bpex_execution_orders
                    where side  = 3
                    GROUP BY symbol
                
[2019-03-05T14:08:02.408] [INFO] warning - SQL 
                SELECT 
                side,
                currency_pair_cd AS symbol,
                    SUM(filled_quantity * execution_price) as s,
                    SUM(filled_quantity * execution_price) / SUM(filled_quantity) AS avg
                FROM
                    bpex_execution_orders
                    where side  = 1
                    GROUP BY symbol
                
[2019-03-05T14:08:37.843] [INFO] warning - SQL 
                    SELECT 
                    side,
                    currency_pair_cd as symbol,
                    SUM(amount * price) as s ,
                    SUM(amount * price) / SUM(amount) as avg
                    FROM
                        bpex_covers
                        where side = 3
                    GROUP BY symbol;
                    
[2019-03-05T14:08:37.850] [INFO] warning - SQL 
                    SELECT 
                    side,
                    currency_pair_cd as symbol,
                    SUM(amount * price) as s ,
                    SUM(amount * price) / SUM(amount) as avg
                    FROM
                        bpex_covers
                        where side = 1
                    GROUP BY symbol;
                    
[2019-03-05T14:10:08.010] [INFO] warning - task check nop time : 2019-03-05T07:10:08.010Z
[2019-03-05T14:12:01.271] [INFO] warning - SQL SELECT * FROM tmp_nop_v2 ORDER BY id ASC
[2019-03-05T14:12:01.282] [INFO] warning - SQL 
                SELECT 
                side,
                currency_pair_cd AS symbol,
                    SUM(filled_quantity * execution_price) as s ,
                    -(SUM(filled_quantity * execution_price) / SUM(filled_quantity)) AS avg
                FROM
                    bpex_execution_orders
                    where side  = 3
                    GROUP BY symbol
                
[2019-03-05T14:12:33.935] [INFO] warning - SQL 
                SELECT 
                side,
                currency_pair_cd AS symbol,
                    SUM(filled_quantity * execution_price) as s,
                    SUM(filled_quantity * execution_price) / SUM(filled_quantity) AS avg
                FROM
                    bpex_execution_orders
                    where side  = 1
                    GROUP BY symbol
                
[2019-03-05T14:13:06.245] [INFO] warning - SQL 
                    SELECT 
                    side,
                    currency_pair_cd as symbol,
                    SUM(amount * price) as s ,
                    SUM(amount * price) / SUM(amount) as avg
                    FROM
                        bpex_covers
                        where side = 3
                    GROUP BY symbol;
                    
[2019-03-05T14:13:06.265] [INFO] warning - SQL 
                    SELECT 
                    side,
                    currency_pair_cd as symbol,
                    SUM(amount * price) as s ,
                    SUM(amount * price) / SUM(amount) as avg
                    FROM
                        bpex_covers
                        where side = 1
                    GROUP BY symbol;
                    
[2019-03-05T14:26:04.583] [INFO] warning - task check nop time : 2019-03-05T07:26:04.583Z
[2019-03-05T14:27:57.062] [INFO] warning - SQL SELECT * FROM tmp_nop_v2 ORDER BY id ASC
[2019-03-05T14:27:57.079] [INFO] warning - SQL 
                SELECT 
                side,
                currency_pair_cd AS symbol,
                    SUM(filled_quantity * execution_price) as s ,
                    -(SUM(filled_quantity * execution_price) / SUM(filled_quantity)) AS avg
                FROM
                    bpex_execution_orders
                    where side  = 3
                    GROUP BY symbol
                
[2019-03-05T14:28:29.550] [INFO] warning - SQL 
                SELECT 
                side,
                currency_pair_cd AS symbol,
                    SUM(filled_quantity * execution_price) as s,
                    SUM(filled_quantity * execution_price) / SUM(filled_quantity) AS avg
                FROM
                    bpex_execution_orders
                    where side  = 1
                    GROUP BY symbol
                
[2019-03-05T14:29:01.123] [INFO] warning - SQL 
                    SELECT 
                    side,
                    currency_pair_cd as symbol,
                    SUM(amount * price) as s ,
                    SUM(amount * price) / SUM(amount) as avg
                    FROM
                        bpex_covers
                        where side = 3
                    GROUP BY symbol;
                    
[2019-03-05T14:29:01.136] [INFO] warning - SQL 
                    SELECT 
                    side,
                    currency_pair_cd as symbol,
                    SUM(amount * price) as s ,
                    SUM(amount * price) / SUM(amount) as avg
                    FROM
                        bpex_covers
                        where side = 1
                    GROUP BY symbol;
                    
[2019-03-05T14:34:40.401] [INFO] warning - task check nop time : 2019-03-05T07:34:40.401Z
[2019-03-05T14:39:35.499] [INFO] warning - SQL SELECT * FROM tmp_nop_v2 ORDER BY id ASC
[2019-03-05T14:39:35.512] [INFO] warning - SQL 
                SELECT 
                side,
                currency_pair_cd AS symbol,
                    SUM(filled_quantity * execution_price) as s ,
                    -(SUM(filled_quantity * execution_price) / SUM(filled_quantity)) AS avg
                FROM
                    bpex_execution_orders
                    where side  = 3
                    GROUP BY symbol
                
[2019-03-05T14:40:10.381] [INFO] warning - SQL 
                SELECT 
                side,
                currency_pair_cd AS symbol,
                    SUM(filled_quantity * execution_price) as s,
                    SUM(filled_quantity * execution_price) / SUM(filled_quantity) AS avg
                FROM
                    bpex_execution_orders
                    where side  = 1
                    GROUP BY symbol
                
[2019-03-05T14:40:44.961] [INFO] warning - SQL 
                    SELECT 
                    side,
                    currency_pair_cd as symbol,
                    SUM(amount * price) as s ,
                    SUM(amount * price) / SUM(amount) as avg
                    FROM
                        bpex_covers
                        where side = 3
                    GROUP BY symbol;
                    
[2019-03-05T14:40:44.977] [INFO] warning - SQL 
                    SELECT 
                    side,
                    currency_pair_cd as symbol,
                    SUM(amount * price) as s ,
                    SUM(amount * price) / SUM(amount) as avg
                    FROM
                        bpex_covers
                        where side = 1
                    GROUP BY symbol;
                    
[2019-03-05T14:48:49.020] [INFO] warning - task check nop time : 2019-03-05T07:48:49.019Z
[2019-03-05T14:53:41.963] [INFO] warning - SQL SELECT * FROM tmp_nop_v2 ORDER BY id ASC
[2019-03-05T14:53:41.978] [INFO] warning - SQL 
                SELECT 
                side,
                currency_pair_cd AS symbol,
                    SUM(filled_quantity * execution_price) as s ,
                    -(SUM(filled_quantity * execution_price) / SUM(filled_quantity)) AS avg
                FROM
                    bpex_execution_orders
                    where side  = 3
                    GROUP BY symbol
                
[2019-03-05T14:54:15.084] [INFO] warning - SQL 
                SELECT 
                side,
                currency_pair_cd AS symbol,
                    SUM(filled_quantity * execution_price) as s,
                    SUM(filled_quantity * execution_price) / SUM(filled_quantity) AS avg
                FROM
                    bpex_execution_orders
                    where side  = 1
                    GROUP BY symbol
                
[2019-03-05T14:54:48.673] [INFO] warning - SQL 
                    SELECT 
                    side,
                    currency_pair_cd as symbol,
                    SUM(amount * price) as s ,
                    SUM(amount * price) / SUM(amount) as avg
                    FROM
                        bpex_covers
                        where side = 3
                    GROUP BY symbol;
                    
[2019-03-05T14:54:48.685] [INFO] warning - SQL 
                    SELECT 
                    side,
                    currency_pair_cd as symbol,
                    SUM(amount * price) as s ,
                    SUM(amount * price) / SUM(amount) as avg
                    FROM
                        bpex_covers
                        where side = 1
                    GROUP BY symbol;
                    
[2019-03-05T15:57:58.400] [INFO] warning - task check nop time : 2019-03-05T08:57:58.400Z
[2019-03-05T16:02:56.867] [INFO] warning - SQL SELECT * FROM tmp_nop_v2 ORDER BY id ASC
[2019-03-05T16:02:56.909] [INFO] warning - SQL 
                SELECT 
                side,
                currency_pair_cd AS symbol,
                    SUM(filled_quantity * execution_price) as s ,
                    -(SUM(filled_quantity * execution_price) / SUM(filled_quantity)) AS avg
                FROM
                    bpex_execution_orders
                    where side  = 3
                    GROUP BY symbol
                
[2019-03-05T16:03:37.888] [INFO] warning - SQL 
                SELECT 
                side,
                currency_pair_cd AS symbol,
                    SUM(filled_quantity * execution_price) as s,
                    SUM(filled_quantity * execution_price) / SUM(filled_quantity) AS avg
                FROM
                    bpex_execution_orders
                    where side  = 1
                    GROUP BY symbol
                
[2019-03-05T16:04:17.954] [INFO] warning - SQL 
                    SELECT 
                    side,
                    currency_pair_cd as symbol,
                    SUM(amount * price) as s ,
                    SUM(amount * price) / SUM(amount) as avg
                    FROM
                        bpex_covers
                        where side = 3
                    GROUP BY symbol;
                    
[2019-03-05T16:04:17.967] [INFO] warning - SQL 
                    SELECT 
                    side,
                    currency_pair_cd as symbol,
                    SUM(amount * price) as s ,
                    SUM(amount * price) / SUM(amount) as avg
                    FROM
                        bpex_covers
                        where side = 1
                    GROUP BY symbol;
                    
[2019-03-05T17:02:52.854] [INFO] warning - task check nop time : 2019-03-05T10:02:52.854Z
[2019-03-05T17:07:55.311] [INFO] warning - SQL SELECT * FROM tmp_nop_v2 ORDER BY id ASC
[2019-03-05T17:07:55.331] [INFO] warning - SQL 
                SELECT 
                side,
                currency_pair_cd AS symbol,
                    SUM(filled_quantity * execution_price) as s ,
                    -(SUM(filled_quantity * execution_price) / SUM(filled_quantity)) AS avg
                FROM
                    bpex_execution_orders
                    where side  = 3
                    GROUP BY symbol
                
[2019-03-05T17:08:28.937] [INFO] warning - SQL 
                SELECT 
                side,
                currency_pair_cd AS symbol,
                    SUM(filled_quantity * execution_price) as s,
                    SUM(filled_quantity * execution_price) / SUM(filled_quantity) AS avg
                FROM
                    bpex_execution_orders
                    where side  = 1
                    GROUP BY symbol
                
[2019-03-05T17:09:03.462] [INFO] warning - SQL 
                    SELECT 
                    side,
                    currency_pair_cd as symbol,
                    SUM(amount * price) as s ,
                    SUM(amount * price) / SUM(amount) as avg
                    FROM
                        bpex_covers
                        where side = 3
                    GROUP BY symbol;
                    
[2019-03-05T17:09:03.478] [INFO] warning - SQL 
                    SELECT 
                    side,
                    currency_pair_cd as symbol,
                    SUM(amount * price) as s ,
                    SUM(amount * price) / SUM(amount) as avg
                    FROM
                        bpex_covers
                        where side = 1
                    GROUP BY symbol;
                    
[2019-03-05T17:10:22.631] [INFO] warning - task check nop time : 2019-03-05T10:10:22.631Z
[2019-03-05T17:15:17.724] [INFO] warning - SQL SELECT * FROM tmp_nop_v2 ORDER BY id ASC
[2019-03-05T17:15:17.739] [INFO] warning - SQL 
                SELECT 
                side,
                currency_pair_cd AS symbol,
                    SUM(filled_quantity * execution_price) as s ,
                    -(SUM(filled_quantity * execution_price) / SUM(filled_quantity)) AS avg
                FROM
                    bpex_execution_orders
                    where side  = 3
                    GROUP BY symbol
                
[2019-03-05T17:15:50.601] [INFO] warning - SQL 
                SELECT 
                side,
                currency_pair_cd AS symbol,
                    SUM(filled_quantity * execution_price) as s,
                    SUM(filled_quantity * execution_price) / SUM(filled_quantity) AS avg
                FROM
                    bpex_execution_orders
                    where side  = 1
                    GROUP BY symbol
                
[2019-03-05T17:16:24.919] [INFO] warning - SQL 
                    SELECT 
                    side,
                    currency_pair_cd as symbol,
                    SUM(amount * price) as s ,
                    SUM(amount * price) / SUM(amount) as avg
                    FROM
                        bpex_covers
                        where side = 3
                    GROUP BY symbol;
                    
[2019-03-05T17:16:24.949] [INFO] warning - SQL 
                    SELECT 
                    side,
                    currency_pair_cd as symbol,
                    SUM(amount * price) as s ,
                    SUM(amount * price) / SUM(amount) as avg
                    FROM
                        bpex_covers
                        where side = 1
                    GROUP BY symbol;
                    
