[2019-03-01T08:39:24.053] [INFO] warning - task check nop time : 2019-03-01T01:39:24.052Z
[2019-03-01T08:39:48.579] [INFO] warning - task_export_data_screen_nop  time : 2019-03-01T01:39:48.579Z Ok
[2019-03-01T08:41:25.949] [INFO] warning - task check nop time : 2019-03-01T01:41:25.948Z
[2019-03-01T08:41:46.710] [INFO] warning - task_export_data_screen_nop  time : 2019-03-01T01:41:46.710Z Ok
[2019-03-01T08:42:35.717] [INFO] warning - task check nop time : 2019-03-01T01:42:35.717Z
[2019-03-01T08:42:55.481] [INFO] warning - task_export_data_screen_nop  time : 2019-03-01T01:42:55.481Z Ok
[2019-03-01T08:47:07.774] [INFO] warning - task check nop time : 2019-03-01T01:47:07.774Z
[2019-03-01T08:47:27.294] [INFO] warning - task_export_data_screen_nop  time : 2019-03-01T01:47:27.294Z Ok
[2019-03-01T08:48:30.614] [INFO] warning - task check nop time : 2019-03-01T01:48:30.614Z
[2019-03-01T08:48:50.346] [INFO] warning - task_export_data_screen_nop  time : 2019-03-01T01:48:50.346Z Ok
[2019-03-01T08:54:08.310] [INFO] warning - task check nop time : 2019-03-01T01:54:08.310Z
[2019-03-01T08:54:28.201] [INFO] warning - task_export_data_screen_nop  time : 2019-03-01T01:54:28.201Z Ok
[2019-03-01T08:54:28.467] [INFO] warning - SQL CALL calculate_nop_v2("BTC_USD", 0, '', 0, 6346.2)
[2019-03-01T09:07:47.585] [INFO] warning - task check nop time : 2019-03-01T02:07:47.585Z
[2019-03-01T09:08:07.425] [INFO] warning - task_export_data_screen_nop  time : 2019-03-01T02:08:07.425Z Ok
[2019-03-01T09:08:13.961] [INFO] warning - SQL CALL calculate_nop_v2("BTC_USD", 0, '', 0, 6346.2)
[2019-03-01T10:48:16.107] [INFO] warning - task check nop time : 2019-03-01T03:48:16.107Z
[2019-03-01T10:48:49.175] [INFO] warning - task_export_data_screen_nop  time : 2019-03-01T03:48:49.175Z Ok
[2019-03-01T10:49:59.844] [INFO] warning - task check nop time : 2019-03-01T03:49:59.844Z
[2019-03-01T10:50:42.432] [INFO] warning - task_export_data_screen_nop  time : 2019-03-01T03:50:42.432Z Ok
[2019-03-01T10:51:31.924] [INFO] warning - task check nop time : 2019-03-01T03:51:31.924Z
[2019-03-01T10:52:47.627] [INFO] warning - task_export_data_screen_nop  time : 2019-03-01T03:52:47.627Z Ok
[2019-03-01T10:57:08.629] [INFO] warning - SQL CALL calculate_nop_v2("BTC_USD", 0, '', 0, undefined)
[2019-03-01T10:57:35.597] [INFO] warning - task check nop time : 2019-03-01T03:57:35.597Z
[2019-03-01T10:58:46.814] [INFO] warning - task check nop time : 2019-03-01T03:58:46.814Z
[2019-03-01T10:59:13.461] [INFO] warning - task_export_data_screen_nop  time : 2019-03-01T03:59:13.461Z Ok
[2019-03-01T10:59:32.765] [INFO] warning - SQL CALL calculate_nop_v2("BTC_USD", 0, '', 0, 3804.7483)
[2019-03-01T11:00:41.061] [INFO] warning - task check nop time : 2019-03-01T04:00:41.061Z
[2019-03-01T11:01:01.065] [INFO] warning - task_export_data_screen_nop  time : 2019-03-01T04:01:01.065Z Ok
[2019-03-01T11:01:01.306] [INFO] warning - SQL CALL calculate_nop_v2("BTC_USD", 0, '', 0, 3805.0122)
[2019-03-01T11:17:29.915] [INFO] warning - task check nop time : 2019-03-01T04:17:29.915Z
[2019-03-01T11:17:50.015] [INFO] warning - task_export_data_screen_nop  time : 2019-03-01T04:17:50.015Z Ok
[2019-03-01T11:18:51.532] [INFO] warning - task check nop time : 2019-03-01T04:18:51.531Z
[2019-03-01T11:19:11.770] [INFO] warning - task_export_data_screen_nop  time : 2019-03-01T04:19:11.770Z Ok
[2019-03-01T11:20:06.892] [INFO] warning - task check nop time : 2019-03-01T04:20:06.892Z
[2019-03-01T11:20:26.359] [INFO] warning - task_export_data_screen_nop  time : 2019-03-01T04:20:26.359Z Ok
[2019-03-01T11:23:04.565] [INFO] warning - task check nop time : 2019-03-01T04:23:04.565Z
[2019-03-01T11:23:24.454] [INFO] warning - task_export_data_screen_nop  time : 2019-03-01T04:23:24.454Z Ok
[2019-03-01T11:29:02.296] [INFO] warning - task check nop time : 2019-03-01T04:29:02.296Z
[2019-03-01T11:29:21.952] [INFO] warning - task_export_data_screen_nop  time : 2019-03-01T04:29:21.952Z Ok
[2019-03-01T11:30:26.455] [INFO] warning - task check nop time : 2019-03-01T04:30:26.455Z
[2019-03-01T11:30:46.441] [INFO] warning - task_export_data_screen_nop  time : 2019-03-01T04:30:46.441Z Ok
[2019-03-01T11:32:22.600] [INFO] warning - task check nop time : 2019-03-01T04:32:22.600Z
[2019-03-01T11:32:42.247] [INFO] warning - task_export_data_screen_nop  time : 2019-03-01T04:32:42.247Z Ok
[2019-03-01T11:42:29.363] [INFO] warning - task check nop time : 2019-03-01T04:42:29.362Z
[2019-03-01T11:42:50.277] [INFO] warning - task_export_data_screen_nop  time : 2019-03-01T04:42:50.277Z Ok
[2019-03-01T11:42:50.743] [INFO] warning - SQL TRUNCATE tmp_nop_v2; 
            CALL calculate_nop_v2("BTC_USD", 0, '', 0, 6346.2);
            CALL calculate_nop_v2("ETH_USD", 0, '', 0, 222);
            CALL calculate_nop_v2("BCC_USD", 0, '', 0, 78.9);
            CALL calculate_nop_v2("LTC_USD", 0, '', 0, 26.38);
            CALL calculate_nop_v2("XRP_USD", 0, '', 0, 0.2899);
            CALL calculate_nop_v2("ETH_BTC", 0, '', 1, 0.06);
            SELECT * FROM tmp_nop_v2 ORDER BY id ASC;
[2019-03-01T11:53:30.733] [INFO] warning - task check nop time : 2019-03-01T04:53:30.733Z
[2019-03-01T11:53:50.831] [INFO] warning - task_export_data_screen_nop  time : 2019-03-01T04:53:50.831Z Ok
[2019-03-01T11:54:05.893] [INFO] warning - SQL  TRUNCATE tmp_nop_v2;  CALL calculate_nop_v2("BTC_JPY", 0, '', 0, 425570.2252);  /n  CALL calculate_nop_v2("BTC_USD", 0, '', 0, 3799.4656);  /n  CALL calculate_nop_v2("BTC_HKD", 0, '', 0, 29916.9412);  /n  CALL calculate_nop_v2("BTC_EUR", 0, '', 0, 2990.9600);  /n  CALL calculate_nop_v2("BTC_KRW", 0, '', 0, 4247000.0000);  /n  CALL calculate_nop_v2("BTC_TWD", 0, '', 0, 2039.0000);  /n  CALL calculate_nop_v2("BTC_SGD", 0, '', 0, 5208.7312);  /n  CALL calculate_nop_v2("BTC_MYR", 0, '', 0, 26600.0000);  /n  CALL calculate_nop_v2("BTC_THB", 0, '', 0, 1000.0000);  /n  CALL calculate_nop_v2("ETH_JPY", 0, '', 0, 15306.3173);  /n  CALL calculate_nop_v2("ETH_USD", 0, '', 0, 137.1339);  /n  CALL calculate_nop_v2("ETH_HKD", 0, '', 0, 1076.1611);  /n  CALL calculate_nop_v2("ETH_EUR", 0, '', 0, 80.0000);  /n  CALL calculate_nop_v2("ETH_KRW", 0, '', 0, 9500.0000);  /n  CALL calculate_nop_v2("ETH_TWD", 0, '', 0, 4205.6206);  /n  CALL calculate_nop_v2("ETH_SGD", 0, '', 0, 100.0000);  /n  CALL calculate_nop_v2("ETH_MYR", 0, '', 0, 358.0000);  /n  CALL calculate_nop_v2("ETH_THB", 0, '', 0, 2806.8000);  /n  CALL calculate_nop_v2("BCC_JPY", 0, '', 0, 8951.0000);  /n  CALL calculate_nop_v2("BCC_USD", 0, '', 0, 130.4352);  /n  CALL calculate_nop_v2("BCC_HKD", 0, '', 0, 1018.2381);  /n  CALL calculate_nop_v2("BCC_EUR", 0, '', 0, 69.9100);  /n  CALL calculate_nop_v2("BCC_KRW", 0, '', 0, 89552.0000);  /n  CALL calculate_nop_v2("BCC_TWD", 0, '', 0, 2443.0000);  /n  CALL calculate_nop_v2("BCC_SGD", 0, '', 0, 109.0400);  /n  CALL calculate_nop_v2("BCC_MYR", 0, '', 0, 2599.0000);  /n  CALL calculate_nop_v2("BCC_THB", 0, '', 0, 2599.0000);  SELECT * FROM tmp_nop_v2 ORDER BY id ASC; 
[2019-03-01T11:56:30.343] [INFO] warning - task check nop time : 2019-03-01T04:56:30.342Z
[2019-03-01T11:56:50.276] [INFO] warning - task_export_data_screen_nop  time : 2019-03-01T04:56:50.276Z Ok
[2019-03-01T11:56:55.278] [INFO] warning - SQL  TRUNCATE tmp_nop_v2;  CALL calculate_nop_v2("BTC_JPY", 0, '', 0, 425567.3806);    CALL calculate_nop_v2("BTC_USD", 0, '', 0, 3799.2359);    CALL calculate_nop_v2("BTC_HKD", 0, '', 0, 29916.6859);    CALL calculate_nop_v2("BTC_EUR", 0, '', 0, 2990.9600);    CALL calculate_nop_v2("BTC_KRW", 0, '', 0, 4247500.0000);    CALL calculate_nop_v2("BTC_TWD", 0, '', 0, 2039.0000);    CALL calculate_nop_v2("BTC_SGD", 0, '', 0, 5208.8637);    CALL calculate_nop_v2("BTC_MYR", 0, '', 0, 26600.0000);    CALL calculate_nop_v2("BTC_THB", 0, '', 0, 1000.0000);    CALL calculate_nop_v2("ETH_JPY", 0, '', 0, 15307.4881);    CALL calculate_nop_v2("ETH_USD", 0, '', 0, 137.1336);    CALL calculate_nop_v2("ETH_HKD", 0, '', 0, 1076.1937);    CALL calculate_nop_v2("ETH_EUR", 0, '', 0, 80.0000);    CALL calculate_nop_v2("ETH_KRW", 0, '', 0, 9500.0000);    CALL calculate_nop_v2("ETH_TWD", 0, '', 0, 4204.0797);    CALL calculate_nop_v2("ETH_SGD", 0, '', 0, 100.0000);    CALL calculate_nop_v2("ETH_MYR", 0, '', 0, 358.0000);    CALL calculate_nop_v2("ETH_THB", 0, '', 0, 2806.8000);    CALL calculate_nop_v2("BCC_JPY", 0, '', 0, 8951.0000);    CALL calculate_nop_v2("BCC_USD", 0, '', 0, 130.3482);    CALL calculate_nop_v2("BCC_HKD", 0, '', 0, 1018.6074);    CALL calculate_nop_v2("BCC_EUR", 0, '', 0, 69.9100);    CALL calculate_nop_v2("BCC_KRW", 0, '', 0, 89552.0000);    CALL calculate_nop_v2("BCC_TWD", 0, '', 0, 2443.0000);    CALL calculate_nop_v2("BCC_SGD", 0, '', 0, 109.0400);    CALL calculate_nop_v2("BCC_MYR", 0, '', 0, 2599.0000);    CALL calculate_nop_v2("BCC_THB", 0, '', 0, 2599.0000);  SELECT * FROM tmp_nop_v2 ORDER BY id ASC; 
[2019-03-01T13:16:42.746] [INFO] warning - task check nop time : 2019-03-01T06:16:42.746Z
[2019-03-01T13:17:03.732] [INFO] warning - task_export_data_screen_nop  time : 2019-03-01T06:17:03.732Z Ok
[2019-03-01T13:25:38.069] [INFO] warning - task check nop time : 2019-03-01T06:25:38.069Z
[2019-03-01T13:25:59.397] [INFO] warning - task_export_data_screen_nop  time : 2019-03-01T06:25:59.397Z Ok
[2019-03-01T13:28:07.046] [INFO] warning - SQL SELECT * FROM tmp_nop_v2 ORDER BY id ASC;
[2019-03-01T13:30:28.445] [INFO] warning - task check nop time : 2019-03-01T06:30:28.445Z
[2019-03-01T13:30:50.385] [INFO] warning - task_export_data_screen_nop  time : 2019-03-01T06:30:50.385Z Ok
[2019-03-01T13:32:49.710] [INFO] warning - SQL SELECT * FROM tmp_nop_v2 ORDER BY id ASC
[2019-03-01T13:49:03.809] [INFO] warning - task check nop time : 2019-03-01T06:49:03.809Z
[2019-03-01T13:51:25.372] [INFO] warning - SQL SELECT * FROM tmp_nop_v2 ORDER BY id ASC
[2019-03-01T13:59:55.692] [INFO] warning - task check nop time : 2019-03-01T06:59:55.691Z
[2019-03-01T14:01:28.052] [INFO] warning - task check nop time : 2019-03-01T07:01:28.052Z
[2019-03-01T14:04:08.069] [INFO] warning - SQL SELECT * FROM tmp_nop_v2 ORDER BY id ASC
[2019-03-01T14:04:11.966] [INFO] warning - SQL SELECT * FROM tmp_nop_v2 ORDER BY id ASC
[2019-03-01T14:43:45.894] [INFO] warning - task check nop time : 2019-03-01T07:43:45.893Z
[2019-03-01T14:45:55.466] [INFO] warning - SQL SELECT * FROM tmp_nop_v2 ORDER BY id ASC
[2019-03-01T14:46:59.862] [INFO] warning - task check nop time : 2019-03-01T07:46:59.862Z
[2019-03-01T14:49:11.318] [INFO] warning - SQL SELECT * FROM tmp_nop_v2 ORDER BY id ASC
[2019-03-01T14:50:40.543] [INFO] warning - task check nop time : 2019-03-01T07:50:40.542Z
[2019-03-01T14:52:48.620] [INFO] warning - SQL SELECT * FROM tmp_nop_v2 ORDER BY id ASC
[2019-03-01T14:57:22.920] [INFO] warning - task check nop time : 2019-03-01T07:57:22.920Z
[2019-03-01T15:00:57.416] [INFO] warning - SQL SELECT * FROM tmp_nop_v2 ORDER BY id ASC
[2019-03-01T15:05:17.794] [INFO] warning - task check nop time : 2019-03-01T08:05:17.794Z
[2019-03-01T15:11:00.106] [INFO] warning - SQL SELECT * FROM tmp_nop_v2 ORDER BY id ASC
[2019-03-01T16:58:47.837] [INFO] warning - task check nop time : 2019-03-01T09:58:47.837Z
[2019-03-01T17:01:06.878] [INFO] warning - SQL SELECT * FROM tmp_nop_v2 ORDER BY id ASC
[2019-03-01T17:01:06.884] [INFO] warning - SQL 
                SELECT 
                side,
                currency_pair_cd AS Symbol,
                    SUM(filled_quantity * execution_price) / SUM(filled_quantity) AS avg
                FROM
                    bpex_execution_orders
                    where side  = 1
                    GROUP BY Symbol
                
[2019-03-01T17:03:02.674] [INFO] warning - SQL 
                SELECT 
                side,
                currency_pair_cd AS Symbol,
                    SUM(filled_quantity * execution_price) / SUM(filled_quantity) AS avg
                FROM
                    bpex_execution_orders
                    where side  = 3
                    GROUP BY Symbol
                
[2019-03-01T17:03:36.895] [INFO] warning - SQL 
                    SELECT 
                    side,
                    currency_pair_cd as Symbol,
                    SUM(amount * price) / SUM(amount) as avg
                    FROM
                        bpex_covers
                        where side = 1
                    GROUP BY Symbol;
                    
[2019-03-01T17:03:36.906] [INFO] warning - SQL 
                    SELECT 
                    side,
                    currency_pair_cd as Symbol,
                    SUM(amount * price) / SUM(amount) as avg
                    FROM
                        bpex_covers
                        where side = 3
                    GROUP BY Symbol;
                    
[2019-03-01T17:04:33.397] [INFO] warning - task check nop time : 2019-03-01T10:04:33.397Z
[2019-03-01T17:06:46.832] [INFO] warning - SQL SELECT * FROM tmp_nop_v2 ORDER BY id ASC
[2019-03-01T17:06:46.847] [INFO] warning - SQL 
                SELECT 
                side,
                currency_pair_cd AS symbol,
                    SUM(filled_quantity * execution_price) / SUM(filled_quantity) AS avg
                FROM
                    bpex_execution_orders
                    where side  = 1
                    GROUP BY symbol
                
[2019-03-01T17:07:34.318] [INFO] warning - SQL 
                SELECT 
                side,
                currency_pair_cd AS symbol,
                    SUM(filled_quantity * execution_price) / SUM(filled_quantity) AS avg
                FROM
                    bpex_execution_orders
                    where side  = 3
                    GROUP BY symbol
                
[2019-03-01T17:08:09.472] [INFO] warning - SQL 
                    SELECT 
                    side,
                    currency_pair_cd as symbol,
                    SUM(amount * price) / SUM(amount) as avg
                    FROM
                        bpex_covers
                        where side = 1
                    GROUP BY symbol;
                    
[2019-03-01T17:08:09.487] [INFO] warning - SQL 
                    SELECT 
                    side,
                    currency_pair_cd as symbol,
                    SUM(amount * price) / SUM(amount) as avg
                    FROM
                        bpex_covers
                        where side = 3
                    GROUP BY symbol;
                    
[2019-03-01T17:17:25.889] [INFO] warning - task check nop time : 2019-03-01T10:17:25.888Z
[2019-03-01T17:19:45.669] [INFO] warning - SQL SELECT * FROM tmp_nop_v2 ORDER BY id ASC
[2019-03-01T17:19:45.682] [INFO] warning - SQL 
                SELECT 
                side,
                currency_pair_cd AS symbol,
                    SUM(filled_quantity * execution_price) / SUM(filled_quantity) AS avg
                FROM
                    bpex_execution_orders
                    where side  = 3
                    GROUP BY symbol
                
[2019-03-01T17:20:37.637] [INFO] warning - SQL 
                SELECT 
                side,
                currency_pair_cd AS symbol,
                    SUM(filled_quantity * execution_price) / SUM(filled_quantity) AS avg
                FROM
                    bpex_execution_orders
                    where side  = 1
                    GROUP BY symbol
                
[2019-03-01T17:21:10.902] [INFO] warning - SQL 
                    SELECT 
                    side,
                    currency_pair_cd as symbol,
                    SUM(amount * price) / SUM(amount) as avg
                    FROM
                        bpex_covers
                        where side = 3
                    GROUP BY symbol;
                    
[2019-03-01T17:21:10.912] [INFO] warning - SQL 
                    SELECT 
                    side,
                    currency_pair_cd as symbol,
                    SUM(amount * price) / SUM(amount) as avg
                    FROM
                        bpex_covers
                        where side = 1
                    GROUP BY symbol;
                    
