[2018-09-05T16:42:15.809] [INFO] warning - bitfinex connected
[2018-09-05T16:42:15.839] [INFO] warning - can not connect to bitfinex to get rate at 2018-09-05T09:42:15.815
[2018-09-05T16:42:15.843] [INFO] warning - can not connect to bitfinex to get rate at 2018-09-05T09:42:15.817
[2018-09-05T16:42:15.846] [INFO] warning - can not connect to bitfinex to get rate at 2018-09-05T09:42:15.817
[2018-09-05T16:42:15.847] [INFO] warning - can not connect to bitfinex to get rate at 2018-09-05T09:42:15.817
[2018-09-05T16:42:16.805] [INFO] warning - bitfinex connected
[2018-09-05T16:45:10.331] [INFO] warning - can not connect to bitfinex to get rate at 2018-09-05T09:45:10.316
[2018-09-05T16:45:10.339] [INFO] warning - can not connect to bitfinex to get rate at 2018-09-05T09:45:10.325
[2018-09-05T16:45:10.340] [INFO] warning - can not connect to bitfinex to get rate at 2018-09-05T09:45:10.326
[2018-09-05T16:45:10.342] [INFO] warning - can not connect to bitfinex to get rate at 2018-09-05T09:45:10.326
[2018-09-05T16:45:10.346] [INFO] warning - can not connect to bitfinex to get rate at 2018-09-05T09:45:10.328
[2018-09-05T16:45:11.321] [INFO] warning - can not connect to bitfinex to get rate at 2018-09-05T09:45:11.318
[2018-09-05T16:45:11.328] [INFO] warning - can not connect to bitfinex to get rate at 2018-09-05T09:45:11.325
[2018-09-05T16:45:11.330] [INFO] warning - can not connect to bitfinex to get rate at 2018-09-05T09:45:11.326
[2018-09-05T16:45:11.333] [INFO] warning - can not connect to bitfinex to get rate at 2018-09-05T09:45:11.326
[2018-09-05T16:45:11.337] [INFO] warning - can not connect to bitfinex to get rate at 2018-09-05T09:45:11.329
[2018-09-05T16:45:12.321] [INFO] warning - can not connect to bitfinex to get rate at 2018-09-05T09:45:12.318
[2018-09-05T16:45:12.329] [INFO] warning - can not connect to bitfinex to get rate at 2018-09-05T09:45:12.326
[2018-09-05T16:45:12.332] [INFO] warning - can not connect to bitfinex to get rate at 2018-09-05T09:45:12.329
[2018-09-05T16:45:12.334] [INFO] warning - can not connect to bitfinex to get rate at 2018-09-05T09:45:12.329
[2018-09-05T16:45:12.335] [INFO] warning - can not connect to bitfinex to get rate at 2018-09-05T09:45:12.330
[2018-09-05T16:45:13.321] [INFO] warning - can not connect to bitfinex to get rate at 2018-09-05T09:45:13.318
[2018-09-05T16:45:13.330] [INFO] warning - can not connect to bitfinex to get rate at 2018-09-05T09:45:13.327
[2018-09-05T16:45:13.335] [INFO] warning - can not connect to bitfinex to get rate at 2018-09-05T09:45:13.327
[2018-09-05T16:45:13.339] [INFO] warning - can not connect to bitfinex to get rate at 2018-09-05T09:45:13.329
[2018-09-05T16:45:13.342] [INFO] warning - can not connect to bitfinex to get rate at 2018-09-05T09:45:13.329
[2018-09-05T16:45:14.323] [INFO] warning - can not connect to bitfinex to get rate at 2018-09-05T09:45:14.320
[2018-09-05T16:45:14.331] [INFO] warning - can not connect to bitfinex to get rate at 2018-09-05T09:45:14.327
[2018-09-05T16:45:14.334] [INFO] warning - can not connect to bitfinex to get rate at 2018-09-05T09:45:14.328
[2018-09-05T16:45:14.337] [INFO] warning - can not connect to bitfinex to get rate at 2018-09-05T09:45:14.328
[2018-09-05T16:45:14.338] [INFO] warning - can not connect to bitfinex to get rate at 2018-09-05T09:45:14.330
[2018-09-05T16:45:53.577] [INFO] warning - can not connect to bitfinex to get rate at 2018-09-05T09:45:53.574
[2018-09-05T16:45:53.585] [INFO] warning - can not connect to bitfinex to get rate at 2018-09-05T09:45:53.582
[2018-09-05T16:45:53.587] [INFO] warning - can not connect to bitfinex to get rate at 2018-09-05T09:45:53.582
[2018-09-05T16:45:53.591] [INFO] warning - can not connect to bitfinex to get rate at 2018-09-05T09:45:53.583
[2018-09-05T16:45:53.592] [INFO] warning - can not connect to bitfinex to get rate at 2018-09-05T09:45:53.583
[2018-09-05T16:45:54.578] [INFO] warning - can not connect to bitfinex to get rate at 2018-09-05T09:45:54.577
[2018-09-05T16:45:54.596] [INFO] warning - can not connect to bitfinex to get rate at 2018-09-05T09:45:54.589
[2018-09-05T16:45:54.601] [INFO] warning - can not connect to bitfinex to get rate at 2018-09-05T09:45:54.590
[2018-09-05T16:45:54.604] [INFO] warning - can not connect to bitfinex to get rate at 2018-09-05T09:45:54.590
[2018-09-05T16:45:54.608] [INFO] warning - can not connect to bitfinex to get rate at 2018-09-05T09:45:54.590
[2018-09-05T16:45:55.577] [INFO] warning - can not connect to bitfinex to get rate at 2018-09-05T09:45:55.575
[2018-09-05T16:45:55.584] [INFO] warning - can not connect to bitfinex to get rate at 2018-09-05T09:45:55.582
[2018-09-05T16:45:55.588] [INFO] warning - can not connect to bitfinex to get rate at 2018-09-05T09:45:55.583
[2018-09-05T16:45:55.588] [INFO] warning - can not connect to bitfinex to get rate at 2018-09-05T09:45:55.585
[2018-09-05T16:45:55.592] [INFO] warning - can not connect to bitfinex to get rate at 2018-09-05T09:45:55.586
[2018-09-05T16:45:56.578] [INFO] warning - can not connect to bitfinex to get rate at 2018-09-05T09:45:56.577
[2018-09-05T16:45:56.584] [INFO] warning - can not connect to bitfinex to get rate at 2018-09-05T09:45:56.583
[2018-09-05T16:45:56.587] [INFO] warning - can not connect to bitfinex to get rate at 2018-09-05T09:45:56.584
[2018-09-05T16:45:56.590] [INFO] warning - can not connect to bitfinex to get rate at 2018-09-05T09:45:56.586
[2018-09-05T16:45:56.593] [INFO] warning - can not connect to bitfinex to get rate at 2018-09-05T09:45:56.588
[2018-09-05T16:45:57.580] [INFO] warning - can not connect to bitfinex to get rate at 2018-09-05T09:45:57.577
[2018-09-05T16:45:57.587] [INFO] warning - can not connect to bitfinex to get rate at 2018-09-05T09:45:57.585
[2018-09-05T16:45:57.593] [INFO] warning - can not connect to bitfinex to get rate at 2018-09-05T09:45:57.585
[2018-09-05T16:45:57.596] [INFO] warning - can not connect to bitfinex to get rate at 2018-09-05T09:45:57.587
[2018-09-05T16:45:57.603] [INFO] warning - can not connect to bitfinex to get rate at 2018-09-05T09:45:57.588
[2018-09-05T16:45:58.580] [INFO] warning - can not connect to bitfinex to get rate at 2018-09-05T09:45:58.579
[2018-09-05T16:45:58.585] [INFO] warning - can not connect to bitfinex to get rate at 2018-09-05T09:45:58.583
[2018-09-05T16:45:58.587] [INFO] warning - can not connect to bitfinex to get rate at 2018-09-05T09:45:58.584
[2018-09-05T16:45:58.591] [INFO] warning - can not connect to bitfinex to get rate at 2018-09-05T09:45:58.587
[2018-09-05T16:45:58.594] [INFO] warning - can not connect to bitfinex to get rate at 2018-09-05T09:45:58.591
[2018-09-05T16:47:11.294] [INFO] warning - bitfinex connected
[2018-09-05T17:02:30.957] [INFO] warning - bitfinex connected
[2018-09-05T17:12:28.365] [INFO] warning - bitfinex connected
[2018-09-05T17:12:59.848] [INFO] warning - bitflyer connected
[2018-09-05T17:13:31.600] [INFO] warning - quoine connected
[2018-09-05T17:14:14.725] [INFO] warning - quoine connected
[2018-09-05T17:14:20.757] [INFO] warning - can not connect to quoine to get rate at 2018-09-05T10:14:20.729
[2018-09-05T17:14:20.780] [INFO] warning - quoine connected
[2018-09-05T17:14:21.739] [INFO] warning - can not connect to quoine to get rate at 2018-09-05T10:14:21.732
[2018-09-05T17:14:21.773] [INFO] warning - quoine connected
[2018-09-05T17:14:30.746] [INFO] warning - quoine connected
